Build started 11/2/2015 5:12:05 PM.
     1>Project "C:\Users\brock.barlow\Documents\GitHub\Vector-Math-Library\Vector Math Library\Vector Math Library\Vector Math Library.vcxproj" on node 2 (Rebuild target(s)).
     1>ClCompile:
         C:\Program Files (x86)\Microsoft Visual Studio 14.0\VC\bin\x86_amd64\CL.exe /c /ZI /nologo /W3 /WX- /sdl /Od /D _MBCS /Gm /EHsc /RTC1 /MDd /GS /fp:precise /Zc:wchar_t /Zc:forScope /Zc:inline /Fo"x64\Debug\\" /Fd"x64\Debug\Vector Math Library.pdb" /Gd /TP /errorReport:prompt Source.cpp
         Source.cpp
     1>c:\users\brock.barlow\documents\github\vector-math-library\vector math library\vector math library\customvml.h(163): warning C4244: 'argument': conversion from 'double' to 'float', possible loss of data
         c:\users\brock.barlow\documents\github\vector-math-library\vector math library\vector math library\customvml.h(162): note: while compiling class template member function 'double Vec3<double>::nor3Z(void)'
         c:\users\brock.barlow\documents\github\vector-math-library\vector math library\vector math library\source.cpp(74): note: see reference to function template instantiation 'double Vec3<double>::nor3Z(void)' being compiled
         c:\users\brock.barlow\documents\github\vector-math-library\vector math library\vector math library\source.cpp(49): note: see reference to class template instantiation 'Vec3<double>' being compiled
     1>c:\users\brock.barlow\documents\github\vector-math-library\vector math library\vector math library\customvml.h(157): warning C4244: 'argument': conversion from 'double' to 'float', possible loss of data
         c:\users\brock.barlow\documents\github\vector-math-library\vector math library\vector math library\customvml.h(156): note: while compiling class template member function 'double Vec3<double>::nor3Y(void)'
         c:\users\brock.barlow\documents\github\vector-math-library\vector math library\vector math library\source.cpp(74): note: see reference to function template instantiation 'double Vec3<double>::nor3Y(void)' being compiled
     1>c:\users\brock.barlow\documents\github\vector-math-library\vector math library\vector math library\customvml.h(151): warning C4244: 'argument': conversion from 'double' to 'float', possible loss of data
         c:\users\brock.barlow\documents\github\vector-math-library\vector math library\vector math library\customvml.h(150): note: while compiling class template member function 'double Vec3<double>::nor3X(void)'
         c:\users\brock.barlow\documents\github\vector-math-library\vector math library\vector math library\source.cpp(74): note: see reference to function template instantiation 'double Vec3<double>::nor3X(void)' being compiled
     1>c:\users\brock.barlow\documents\github\vector-math-library\vector math library\vector math library\customvml.h(143): warning C4244: 'argument': conversion from 'double' to 'float', possible loss of data
         c:\users\brock.barlow\documents\github\vector-math-library\vector math library\vector math library\customvml.h(142): note: while compiling class template member function 'double Vec3<double>::mag3(void)'
         c:\users\brock.barlow\documents\github\vector-math-library\vector math library\vector math library\source.cpp(69): note: see reference to function template instantiation 'double Vec3<double>::mag3(void)' being compiled
     1>c:\users\brock.barlow\documents\github\vector-math-library\vector math library\vector math library\customvml.h(70): warning C4244: 'argument': conversion from 'double' to 'float', possible loss of data
         c:\users\brock.barlow\documents\github\vector-math-library\vector math library\vector math library\customvml.h(69): note: while compiling class template member function 'double Vec2<double>::nor2Y(void)'
         c:\users\brock.barlow\documents\github\vector-math-library\vector math library\vector math library\source.cpp(40): note: see reference to function template instantiation 'double Vec2<double>::nor2Y(void)' being compiled
         c:\users\brock.barlow\documents\github\vector-math-library\vector math library\vector math library\source.cpp(15): note: see reference to class template instantiation 'Vec2<double>' being compiled
     1>c:\users\brock.barlow\documents\github\vector-math-library\vector math library\vector math library\customvml.h(64): warning C4244: 'argument': conversion from 'double' to 'float', possible loss of data
         c:\users\brock.barlow\documents\github\vector-math-library\vector math library\vector math library\customvml.h(63): note: while compiling class template member function 'double Vec2<double>::nor2X(void)'
         c:\users\brock.barlow\documents\github\vector-math-library\vector math library\vector math library\source.cpp(40): note: see reference to function template instantiation 'double Vec2<double>::nor2X(void)' being compiled
     1>c:\users\brock.barlow\documents\github\vector-math-library\vector math library\vector math library\customvml.h(56): warning C4244: 'argument': conversion from 'double' to 'float', possible loss of data
         c:\users\brock.barlow\documents\github\vector-math-library\vector math library\vector math library\customvml.h(55): note: while compiling class template member function 'double Vec2<double>::mag2(void)'
         c:\users\brock.barlow\documents\github\vector-math-library\vector math library\vector math library\source.cpp(35): note: see reference to function template instantiation 'double Vec2<double>::mag2(void)' being compiled
       Lib:
         C:\Program Files (x86)\Microsoft Visual Studio 14.0\VC\bin\x86_amd64\Lib.exe /OUT:"C:\Users\brock.barlow\Documents\GitHub\Vector-Math-Library\Vector Math Library\x64\Debug\Vector Math Library.lib" /NOLOGO /MACHINE:X64 x64\Debug\Source.obj
         Vector Math Library.vcxproj -> C:\Users\brock.barlow\Documents\GitHub\Vector-Math-Library\Vector Math Library\x64\Debug\Vector Math Library.lib
     1>Done Building Project "C:\Users\brock.barlow\Documents\GitHub\Vector-Math-Library\Vector Math Library\Vector Math Library\Vector Math Library.vcxproj" (Rebuild target(s)).

Build succeeded.

Time Elapsed 00:00:00.54
